// dataflow 1.2.0.RELEASE log opened at 2017-01-11 20:54:09
dataflow config server http://dataflow-server.local.pcfdev.io
stream list
app import --uri http://bit.ly/stream-applications-rabbit-maven
// [failed] app import --uri file:///Users/unadkarni/workspace/scdf-raven/df-server/module_custom.properties
app import --uri file:///Users/unadkarni/workspace/scdf-raven/df-shell/module_custom.properties
stream create --name test --definition "source-sample | sink-sample"
stream deploy test
exit
// dataflow 1.2.0.RELEASE log closed at 2017-01-11 22:46:15
// dataflow 1.2.0.RELEASE log opened at 2017-01-12 14:18:53
dataflow config server http://dataflow-server.local.pcfdev.io
dataflow config server http://dataflow-server.local.pcfdev.io
stream list
stream destroy test
stream list
app import --uri http://bit.ly/stream-applications-rabbit-maven
app list
app import --uri file:///Users/unadkarni/workspace/greeting-scdf-demo/df-shell/module_custom.properties
stream create --name test --definition "producer | consumer" --deploy
app list
stream deploy test
// [failed] app unregister consumer
app import --uri file:///Users/unadkarni/workspace/greeting-scdf-demo/df-shell/module_custom.properties
// dataflow 1.2.0.RELEASE log opened at 2017-01-12 15:26:01
dataflow config server http://dataflow-server.local.pcfdev.io
stream list
app list
stream create --name test --definition "producer | consumer" --deploy
// [failed] stream destroy test
// [failed] stream list
// [failed] stream list
exit
// dataflow 1.2.0.RELEASE log closed at 2017-01-12 15:50:47
